#
# A fatal error has been detected by the Java Runtime Environment:
#
#  EXCEPTION_ACCESS_VIOLATION (0xc0000005) at pc=0x000000001c965b6b, pid=7544, tid=0x00000000000038dc
#
# JRE version: Java(TM) SE Runtime Environment (8.0_144-b01) (build 1.8.0_144-b01)
# Java VM: Java HotSpot(TM) 64-Bit Server VM (25.144-b01 mixed mode windows-amd64 compressed oops)
# Problematic frame:
# C  [rxtxSerial.dll+0x5b6b]
#
# Failed to write core dump. Minidumps are not enabled by default on client versions of Windows
#
# If you would like to submit a bug report, please visit:
#   http://bugreport.java.com/bugreport/crash.jsp
# The crash happened outside the Java Virtual Machine in native code.
# See problematic frame for where to report the bug.
#

---------------  T H R E A D  ---------------

Current thread (0x000000001d769000):  JavaThread "Thread-9" [_thread_in_native, id=14556, stack(0x00000000223a0000,0x00000000224a0000)]

siginfo: ExceptionCode=0xc0000005, writing address 0x00000000225ff2d8

Registers:
RAX=0x00000000ffffffff, RBX=0x0000000000000000, RCX=0x0000000000000000, RDX=0x0000000000000000
RSP=0x000000002249e8b0, RBP=0x00000000ffffffff, RSI=0x0000000000000007, RDI=0x0000000000000001
R8 =0x000007ffffec6000, R9 =0x000000001c960000, R10=0x0000000000000000, R11=0x0000000000000200
R12=0x00000000225ff2d0, R13=0x0000000000000001, R14=0x0000000000000000, R15=0x0000000000000000
RIP=0x000000001c965b6b, EFLAGS=0x0000000000010286

Top of Stack: (sp=0x000000002249e8b0)
0x000000002249e8b0:   0000000000000000 0000000000000000
0x000000002249e8c0:   0000000000000000 0000000000000000
0x000000002249e8d0:   0000000000000000 000000002249ea10
0x000000002249e8e0:   0000000000002433 0000000000000001
0x000000002249e8f0:   000000001d7691f8 0000000000000001
0x000000002249e900:   ffffffffffffffff 000000001c966211
0x000000002249e910:   0000000020df8800 0000000000000001
0x000000002249e920:   0000000000000001 0000000020df8800
0x000000002249e930:   0000000000000001 00000000ffffffff
0x000000002249e940:   000000002249ea08 000000001d7691f8
0x000000002249e950:   000000002249ea40 000000001c966920
0x000000002249e960:   000000001d7691f8 000000004004667f
0x000000002249e970:   000000002249e980 fffffffffffff8b8
0x000000002249e980:   0000000000000000 000095573d15768c
0x000000002249e990:   000000002249ef98 0000000000002433
0x000000002249e9a0:   000000001d769000 0000000000000000 

Instructions: (pc=0x000000001c965b6b)
0x000000001c965b4b:   31 00 00 85 c0 78 33 74 06 03 d8 2b f8 eb 0a b9
0x000000001c965b5b:   e8 03 00 00 e8 1c 1c 00 00 41 3b dd 7c b7 8b c3
0x000000001c965b6b:   45 89 74 24 08 48 8b 5c 24 60 48 83 c4 20 41 5f
0x000000001c965b7b:   41 5e 41 5d 41 5c 5f 5e 5d c3 e8 1e 61 00 00 83 


Register to memory mapping:

RAX=0x00000000ffffffff is an unknown value
RBX=0x0000000000000000 is an unknown value
RCX=0x0000000000000000 is an unknown value
RDX=0x0000000000000000 is an unknown value
RSP=0x000000002249e8b0 is pointing into the stack for thread: 0x000000001d769000
RBP=0x00000000ffffffff is an unknown value
RSI=0x0000000000000007 is an unknown value
RDI=0x0000000000000001 is an unknown value
R8 =0x000007ffffec6000 is an unknown value
R9 =0x000000001c960000 is an unknown value
R10=0x0000000000000000 is an unknown value
R11=0x0000000000000200 is an unknown value
R12=0x00000000225ff2d0 is an unknown value
R13=0x0000000000000001 is an unknown value
R14=0x0000000000000000 is an unknown value
R15=0x0000000000000000 is an unknown value


Stack: [0x00000000223a0000,0x00000000224a0000],  sp=0x000000002249e8b0,  free space=1018k
Native frames: (J=compiled Java code, j=interpreted, Vv=VM code, C=native code)
C  [rxtxSerial.dll+0x5b6b]
C  [rxtxSerial.dll+0x6211]
C  0x0000000002c94c52

Java frames: (J=compiled Java code, j=interpreted, Vv=VM code)
J 3183  gnu.io.RXTXPort.readArray([BII)I (0 bytes) @ 0x0000000002c94bd4 [0x0000000002c94b80+0x54]
J 3181 C1 gnu.io.RXTXPort$SerialInputStream.read([BII)I (305 bytes) @ 0x0000000002fafa64 [0x0000000002faf1c0+0x8a4]
J 3173 C1 sun.nio.cs.StreamDecoder.readBytes()I (289 bytes) @ 0x0000000002c8f0bc [0x0000000002c8e960+0x75c]
J 3172 C1 sun.nio.cs.StreamDecoder.implRead([CII)I (243 bytes) @ 0x0000000002c91624 [0x0000000002c90aa0+0xb84]
J 3142 C1 sun.nio.cs.StreamDecoder.read([CII)I (196 bytes) @ 0x0000000002ccd354 [0x0000000002cccb20+0x834]
J 3141 C1 java.io.InputStreamReader.read([CII)I (11 bytes) @ 0x0000000002987a54 [0x00000000029879c0+0x94]
J 3180 C1 java.io.Reader.read(Ljava/nio/CharBuffer;)I (35 bytes) @ 0x0000000002faeb8c [0x0000000002fae920+0x26c]
J 3179 C1 java.util.Scanner.readInput()V (136 bytes) @ 0x0000000002c84b24 [0x0000000002c84560+0x5c4]
J 3151 C1 java.util.Scanner.hasNext()Z (46 bytes) @ 0x0000000002c9d6a4 [0x0000000002c9d4e0+0x1c4]
j  Vistas.proyecto.proyectoQR()Ljava/lang/String;+101
j  Vistas.proyecto.run()V+1
j  java.lang.Thread.run()V+11
v  ~StubRoutines::call_stub

---------------  P R O C E S S  ---------------

Java Threads: ( => current thread )
=>0x000000001d769000 JavaThread "Thread-9" [_thread_in_native, id=14556, stack(0x00000000223a0000,0x00000000224a0000)]
  0x000000001d76a800 JavaThread "D3D Screen Updater" daemon [_thread_blocked, id=7992, stack(0x0000000024130000,0x0000000024230000)]
  0x000000001d413000 JavaThread "Swing-Shell" daemon [_thread_blocked, id=13932, stack(0x00000000228c0000,0x00000000229c0000)]
  0x0000000001cff800 JavaThread "DestroyJavaVM" [_thread_blocked, id=4608, stack(0x0000000002270000,0x0000000002370000)]
  0x000000001d441800 JavaThread "AWT-EventQueue-0" [_thread_in_native, id=13944, stack(0x0000000020200000,0x0000000020300000)]
  0x000000001d21b800 JavaThread "TimerQueue" daemon [_thread_blocked, id=15104, stack(0x000000001f980000,0x000000001fa80000)]
  0x000000001d199000 JavaThread "AWT-Windows" daemon [_thread_in_native, id=15164, stack(0x000000001d910000,0x000000001da10000)]
  0x000000001d198800 JavaThread "AWT-Shutdown" [_thread_blocked, id=12444, stack(0x000000001da10000,0x000000001db10000)]
  0x000000001d197800 JavaThread "Java2D Disposer" daemon [_thread_blocked, id=9316, stack(0x000000001c680000,0x000000001c780000)]
  0x000000001b151000 JavaThread "Service Thread" daemon [_thread_blocked, id=7120, stack(0x000000001ce70000,0x000000001cf70000)]
  0x000000001b0c5000 JavaThread "C1 CompilerThread3" daemon [_thread_blocked, id=12688, stack(0x000000001cd70000,0x000000001ce70000)]
  0x000000001b0c3800 JavaThread "C2 CompilerThread2" daemon [_thread_blocked, id=14808, stack(0x000000001cbd0000,0x000000001ccd0000)]
  0x000000001b0be800 JavaThread "C2 CompilerThread1" daemon [_thread_blocked, id=6780, stack(0x000000001c9e0000,0x000000001cae0000)]
  0x000000001b0b7000 JavaThread "C2 CompilerThread0" daemon [_thread_blocked, id=1932, stack(0x000000001c830000,0x000000001c930000)]
  0x000000001b0b5800 JavaThread "Attach Listener" daemon [_thread_blocked, id=14468, stack(0x000000001bfb0000,0x000000001c0b0000)]
  0x000000001b0b4800 JavaThread "Signal Dispatcher" daemon [_thread_blocked, id=13460, stack(0x000000001c220000,0x000000001c320000)]
  0x000000001a114000 JavaThread "Finalizer" daemon [_thread_blocked, id=12440, stack(0x000000001c560000,0x000000001c660000)]
  0x000000001a10b000 JavaThread "Reference Handler" daemon [_thread_blocked, id=12600, stack(0x000000001c370000,0x000000001c470000)]

Other Threads:
  0x000000001b062800 VMThread [stack: 0x000000001c110000,0x000000001c210000] [id=15096]
  0x000000001b134800 WatcherThread [stack: 0x000000001cf70000,0x000000001d070000] [id=8764]

VM state:not at safepoint (normal execution)

VM Mutex/Monitor currently owned by a thread: None

Heap:
 PSYoungGen      total 57344K, used 44414K [0x0000000780800000, 0x0000000784800000, 0x00000007c0000000)
  eden space 49152K, 90% used [0x0000000780800000,0x000000078335f940,0x0000000783800000)
  from space 8192K, 0% used [0x0000000784000000,0x0000000784000000,0x0000000784800000)
  to   space 8192K, 0% used [0x0000000783800000,0x0000000783800000,0x0000000784000000)
 ParOldGen       total 73728K, used 10993K [0x0000000701800000, 0x0000000706000000, 0x0000000780800000)
  object space 73728K, 14% used [0x0000000701800000,0x00000007022bc718,0x0000000706000000)
 Metaspace       used 22702K, capacity 22978K, committed 23296K, reserved 1069056K
  class space    used 2924K, capacity 3025K, committed 3072K, reserved 1048576K

Card table byte_map: [0x0000000011a00000,0x0000000012000000] byte_map_base: 0x000000000e1f4000

Marking Bits: (ParMarkBitMap*) 0x0000000062f3d850
 Begin Bits: [0x00000000131e0000, 0x0000000016180000)
 End Bits:   [0x0000000016180000, 0x0000000019120000)

Polling page: 0x0000000000330000

CodeCache: size=245760Kb used=11194Kb max_used=11209Kb free=234565Kb
 bounds [0x0000000002640000, 0x0000000003140000, 0x0000000011640000]
 total_blobs=3995 nmethods=3350 adapters=556
 compilation: enabled

Compilation events (10 events):
Event: 39.252 Thread 0x000000001b0b7000 3595       4       java.nio.CharBuffer::length (5 bytes)
Event: 39.252 Thread 0x000000001b0b7000 nmethod 3595 0x0000000002f891d0 code [0x0000000002f89300, 0x0000000002f89358]
Event: 41.061 Thread 0x000000001b0c5000 3596       1       java.nio.charset.CharsetDecoder::implReplaceWith (1 bytes)
Event: 41.061 Thread 0x000000001b0c5000 nmethod 3596 0x000000000312d350 code [0x000000000312d4a0, 0x000000000312d5b0]
Event: 41.832 Thread 0x000000001b0be800 3597       4       java.lang.AbstractStringBuilder::setLength (45 bytes)
Event: 41.839 Thread 0x000000001b0be800 nmethod 3597 0x0000000003126250 code [0x00000000031263a0, 0x00000000031266f8]
Event: 41.900 Thread 0x000000001b0c3800 3598       4       java.text.DecimalFormat::expandAffix (188 bytes)
Event: 41.922 Thread 0x000000001b0c3800 nmethod 3598 0x0000000003137c50 code [0x0000000003137e20, 0x00000000031390a8]
Event: 42.120 Thread 0x000000001b0c5000 3599       1       java.io.InputStream::close (1 bytes)
Event: 42.120 Thread 0x000000001b0c5000 nmethod 3599 0x000000000312b850 code [0x000000000312b9a0, 0x000000000312bab0]

GC Heap History (6 events):
Event: 12.608 GC heap before
{Heap before GC invocations=1 (full 0):
 PSYoungGen      total 57344K, used 49152K [0x0000000780800000, 0x0000000784800000, 0x00000007c0000000)
  eden space 49152K, 100% used [0x0000000780800000,0x0000000783800000,0x0000000783800000)
  from space 8192K, 0% used [0x0000000784000000,0x0000000784000000,0x0000000784800000)
  to   space 8192K, 0% used [0x0000000783800000,0x0000000783800000,0x0000000784000000)
 ParOldGen       total 131072K, used 0K [0x0000000701800000, 0x0000000709800000, 0x0000000780800000)
  object space 131072K, 0% used [0x0000000701800000,0x0000000701800000,0x0000000709800000)
 Metaspace       used 20128K, capacity 20422K, committed 20608K, reserved 1067008K
  class space    used 2568K, capacity 2646K, committed 2688K, reserved 1048576K
Event: 12.617 GC heap after
Heap after GC invocations=1 (full 0):
 PSYoungGen      total 57344K, used 8163K [0x0000000780800000, 0x0000000784800000, 0x00000007c0000000)
  eden space 49152K, 0% used [0x0000000780800000,0x0000000780800000,0x0000000783800000)
  from space 8192K, 99% used [0x0000000783800000,0x0000000783ff8c10,0x0000000784000000)
  to   space 8192K, 0% used [0x0000000784000000,0x0000000784000000,0x0000000784800000)
 ParOldGen       total 131072K, used 12093K [0x0000000701800000, 0x0000000709800000, 0x0000000780800000)
  object space 131072K, 9% used [0x0000000701800000,0x00000007023cf6f0,0x0000000709800000)
 Metaspace       used 20128K, capacity 20422K, committed 20608K, reserved 1067008K
  class space    used 2568K, capacity 2646K, committed 2688K, reserved 1048576K
}
Event: 13.701 GC heap before
{Heap before GC invocations=2 (full 0):
 PSYoungGen      total 57344K, used 16224K [0x0000000780800000, 0x0000000784800000, 0x00000007c0000000)
  eden space 49152K, 16% used [0x0000000780800000,0x0000000780fdf698,0x0000000783800000)
  from space 8192K, 99% used [0x0000000783800000,0x0000000783ff8c10,0x0000000784000000)
  to   space 8192K, 0% used [0x0000000784000000,0x0000000784000000,0x0000000784800000)
 ParOldGen       total 131072K, used 12093K [0x0000000701800000, 0x0000000709800000, 0x0000000780800000)
  object space 131072K, 9% used [0x0000000701800000,0x00000007023cf6f0,0x0000000709800000)
 Metaspace       used 20883K, capacity 21144K, committed 21248K, reserved 1067008K
  class space    used 2689K, capacity 2778K, committed 2816K, reserved 1048576K
Event: 13.710 GC heap after
Heap after GC invocations=2 (full 0):
 PSYoungGen      total 57344K, used 8184K [0x0000000780800000, 0x0000000784800000, 0x00000007c0000000)
  eden space 49152K, 0% used [0x0000000780800000,0x0000000780800000,0x0000000783800000)
  from space 8192K, 99% used [0x0000000784000000,0x00000007847fe0d8,0x0000000784800000)
  to   space 8192K, 0% used [0x0000000783800000,0x0000000783800000,0x0000000784000000)
 ParOldGen       total 131072K, used 18253K [0x0000000701800000, 0x0000000709800000, 0x0000000780800000)
  object space 131072K, 13% used [0x0000000701800000,0x00000007029d3638,0x0000000709800000)
 Metaspace       used 20883K, capacity 21144K, committed 21248K, reserved 1067008K
  class space    used 2689K, capacity 2778K, committed 2816K, reserved 1048576K
}
Event: 13.710 GC heap before
{Heap before GC invocations=3 (full 1):
 PSYoungGen      total 57344K, used 8184K [0x0000000780800000, 0x0000000784800000, 0x00000007c0000000)
  eden space 49152K, 0% used [0x0000000780800000,0x0000000780800000,0x0000000783800000)
  from space 8192K, 99% used [0x0000000784000000,0x00000007847fe0d8,0x0000000784800000)
  to   space 8192K, 0% used [0x0000000783800000,0x0000000783800000,0x0000000784000000)
 ParOldGen       total 131072K, used 18253K [0x0000000701800000, 0x0000000709800000, 0x0000000780800000)
  object space 131072K, 13% used [0x0000000701800000,0x00000007029d3638,0x0000000709800000)
 Metaspace       used 20883K, capacity 21144K, committed 21248K, reserved 1067008K
  class space    used 2689K, capacity 2778K, committed 2816K, reserved 1048576K
Event: 13.744 GC heap after
Heap after GC invocations=3 (full 1):
 PSYoungGen      total 57344K, used 0K [0x0000000780800000, 0x0000000784800000, 0x00000007c0000000)
  eden space 49152K, 0% used [0x0000000780800000,0x0000000780800000,0x0000000783800000)
  from space 8192K, 0% used [0x0000000784000000,0x0000000784000000,0x0000000784800000)
  to   space 8192K, 0% used [0x0000000783800000,0x0000000783800000,0x0000000784000000)
 ParOldGen       total 73728K, used 10993K [0x0000000701800000, 0x0000000706000000, 0x0000000780800000)
  object space 73728K, 14% used [0x0000000701800000,0x00000007022bc718,0x0000000706000000)
 Metaspace       used 20883K, capacity 21144K, committed 21248K, reserved 1067008K
  class space    used 2689K, capacity 2778K, committed 2816K, reserved 1048576K
}

Deoptimization events (10 events):
Event: 14.010 Thread 0x000000001d441800 Uncommon trap: reason=unstable_if action=reinterpret pc=0x0000000002a0dfe4 method=sun.awt.geom.Order3.refine(DDDDD)D @ 35
Event: 14.021 Thread 0x000000001d64f000 Uncommon trap: reason=class_check action=maybe_recompile pc=0x0000000002bf8f50 method=sun.awt.image.ImageDecoder.setPixels(IIIILjava/awt/image/ColorModel;[III)I @ 44
Event: 14.024 Thread 0x000000001d441800 Uncommon trap: reason=unstable_if action=reinterpret pc=0x00000000029fd520 method=java.lang.Math.min(DD)D @ 11
Event: 14.464 Thread 0x000000001d441800 Uncommon trap: reason=unstable_if action=reinterpret pc=0x0000000002ea854c method=sun.font.CMap$CMapFormat4.getGlyph(I)C @ 181
Event: 25.825 Thread 0x000000001d441800 Uncommon trap: reason=unstable_if action=reinterpret pc=0x00000000028b2560 method=java.util.Calendar.getSetStateFields()I @ 19
Event: 25.837 Thread 0x000000001d441800 Uncommon trap: reason=unstable_if action=reinterpret pc=0x0000000002c67108 method=sun.java2d.pipe.BufferedRenderPipe$BufferedDrawHandler.drawScanline(III)V @ 4
Event: 26.706 Thread 0x000000001d441800 Uncommon trap: reason=unstable_if action=reinterpret pc=0x0000000002de94f4 method=javax.swing.RepaintManager.addDirtyRegion0(Ljava/awt/Container;IIII)V @ 7
Event: 26.706 Thread 0x000000001d441800 Uncommon trap: reason=unstable_if action=reinterpret pc=0x0000000002e06794 method=javax.swing.RepaintManager.addDirtyRegion0(Ljava/awt/Container;IIII)V @ 7
Event: 26.841 Thread 0x000000001d441800 Uncommon trap: reason=unstable_if action=reinterpret pc=0x0000000002e18da0 method=javax.swing.RepaintManager.addDirtyRegion0(Ljava/awt/Container;IIII)V @ 7
Event: 26.847 Thread 0x000000001d441800 Uncommon trap: reason=unstable_if action=reinterpret pc=0x00000000030772a8 method=sun.java2d.loops.ProcessPath.FillPolygon(Lsun/java2d/loops/ProcessPath$FillProcessHandler;I)V @ 84

Internal exceptions (10 events):
Event: 0.196 Thread 0x0000000001cff800 Exception <a 'java/lang/NoSuchFieldError': method resolution failed> (0x0000000780aeef08) thrown at [C:\re\workspace\8-2-build-windows-amd64-cygwin\jdk8u144\9417\hotspot\src\share\vm\prims\methodHandles.cpp, line 1146]
Event: 0.197 Thread 0x0000000001cff800 Exception <a 'java/lang/NoSuchFieldError': method resolution failed> (0x0000000780afc258) thrown at [C:\re\workspace\8-2-build-windows-amd64-cygwin\jdk8u144\9417\hotspot\src\share\vm\prims\methodHandles.cpp, line 1146]
Event: 0.230 Thread 0x0000000001cff800 Exception <a 'java/io/FileNotFoundException'> (0x0000000780b92bf8) thrown at [C:\re\workspace\8-2-build-windows-amd64-cygwin\jdk8u144\9417\hotspot\src\share\vm\prims\jni.cpp, line 709]
Event: 6.454 Thread 0x000000001d5c6800 Exception <a 'java/lang/InterruptedException': sleep interrupted> (0x00000007822b96f0) thrown at [C:\re\workspace\8-2-build-windows-amd64-cygwin\jdk8u144\9417\hotspot\src\share\vm\prims\jvm.cpp, line 3180]
Event: 11.490 Thread 0x000000001d5c6800 Exception <a 'java/lang/InterruptedException': sleep interrupted> (0x000000078257b310) thrown at [C:\re\workspace\8-2-build-windows-amd64-cygwin\jdk8u144\9417\hotspot\src\share\vm\prims\jvm.cpp, line 3180]
Event: 13.999 Thread 0x000000001d5c6800 Implicit null exception at 0x000000000286d0ce to 0x000000000286e8d9
Event: 15.419 Thread 0x000000001d769000 Exception <a 'java/io/FileNotFoundException'> (0x00000007813bb480) thrown at [C:\re\workspace\8-2-build-windows-amd64-cygwin\jdk8u144\9417\hotspot\src\share\vm\prims\jni.cpp, line 709]
Event: 15.736 Thread 0x000000001d769000 Exception <a 'java/io/FileNotFoundException'> (0x0000000781460d48) thrown at [C:\re\workspace\8-2-build-windows-amd64-cygwin\jdk8u144\9417\hotspot\src\share\vm\prims\jni.cpp, line 709]
Event: 15.739 Thread 0x000000001d769000 Exception <a 'java/io/FileNotFoundException'> (0x00000007814784d0) thrown at [C:\re\workspace\8-2-build-windows-amd64-cygwin\jdk8u144\9417\hotspot\src\share\vm\prims\jni.cpp, line 709]
Event: 16.056 Thread 0x000000001d769000 Exception <a 'java/io/FileNotFoundException'> (0x000000078148e920) thrown at [C:\re\workspace\8-2-build-windows-amd64-cygwin\jdk8u144\9417\hotspot\src\share\vm\prims\jni.cpp, line 709]

Events (10 events):
Event: 28.464 Executing VM operation: RevokeBias
Event: 28.465 Executing VM operation: RevokeBias done
Event: 28.465 Executing VM operation: RevokeBias
Event: 28.465 Executing VM operation: RevokeBias done
Event: 30.892 Executing VM operation: RevokeBias
Event: 30.892 Executing VM operation: RevokeBias done
Event: 30.892 Thread 0x000000001d76c000 Thread exited: 0x000000001d76c000
Event: 45.965 Executing VM operation: RevokeBias
Event: 45.966 Executing VM operation: RevokeBias done
Event: 45.970 Thread 0x000000001d76b000 Thread exited: 0x000000001d76b000


Dynamic libraries:
0x000000013fcf0000 - 0x000000013fd27000 	C:\Program Files\Java\jdk1.8.0_144\bin\java.exe
0x0000000077b50000 - 0x0000000077cf9000 	C:\windows\SYSTEM32\ntdll.dll
0x0000000077a30000 - 0x0000000077b4f000 	C:\windows\system32\kernel32.dll
0x000007fefd970000 - 0x000007fefd9db000 	C:\windows\system32\KERNELBASE.dll
0x000007feff640000 - 0x000007feff71b000 	C:\windows\system32\ADVAPI32.dll
0x000007fefedf0000 - 0x000007fefee8f000 	C:\windows\system32\msvcrt.dll
0x000007feff5f0000 - 0x000007feff60f000 	C:\windows\SYSTEM32\sechost.dll
0x000007feffb80000 - 0x000007feffcad000 	C:\windows\system32\RPCRT4.dll
0x0000000077930000 - 0x0000000077a2a000 	C:\windows\system32\USER32.dll
0x000007feff4a0000 - 0x000007feff507000 	C:\windows\system32\GDI32.dll
0x000007feff720000 - 0x000007feff72e000 	C:\windows\system32\LPK.dll
0x000007feffcb0000 - 0x000007feffd79000 	C:\windows\system32\USP10.dll
0x000007fefc2f0000 - 0x000007fefc4e4000 	C:\windows\WinSxS\amd64_microsoft.windows.common-controls_6595b64144ccf1df_6.0.7601.18837_none_fa3b1e3d17594757\COMCTL32.dll
0x000007feff570000 - 0x000007feff5e1000 	C:\windows\system32\SHLWAPI.dll
0x000007feff610000 - 0x000007feff63e000 	C:\windows\system32\IMM32.DLL
0x000007feff140000 - 0x000007feff249000 	C:\windows\system32\MSCTF.dll
0x0000000065730000 - 0x0000000065802000 	C:\Program Files\Java\jdk1.8.0_144\jre\bin\msvcr100.dll
0x0000000062720000 - 0x0000000062fbd000 	C:\Program Files\Java\jdk1.8.0_144\jre\bin\server\jvm.dll
0x000007fefb3a0000 - 0x000007fefb3a9000 	C:\windows\system32\WSOCK32.dll
0x000007fefeda0000 - 0x000007fefeded000 	C:\windows\system32\WS2_32.dll
0x000007feff730000 - 0x000007feff738000 	C:\windows\system32\NSI.dll
0x000007fefb5e0000 - 0x000007fefb61b000 	C:\windows\system32\WINMM.dll
0x000007fefcb50000 - 0x000007fefcb5c000 	C:\windows\system32\VERSION.dll
0x0000000077d20000 - 0x0000000077d27000 	C:\windows\system32\PSAPI.DLL
0x00000000741a0000 - 0x00000000741af000 	C:\Program Files\Java\jdk1.8.0_144\jre\bin\verify.dll
0x0000000074170000 - 0x0000000074199000 	C:\Program Files\Java\jdk1.8.0_144\jre\bin\java.dll
0x0000000074150000 - 0x0000000074166000 	C:\Program Files\Java\jdk1.8.0_144\jre\bin\zip.dll
0x000007fefdcc0000 - 0x000007fefea49000 	C:\windows\system32\SHELL32.dll
0x000007fefef30000 - 0x000007feff133000 	C:\windows\system32\ole32.dll
0x000007fefd900000 - 0x000007fefd90f000 	C:\windows\system32\profapi.dll
0x0000000064d30000 - 0x0000000064ec8000 	C:\Program Files\Java\jdk1.8.0_144\jre\bin\awt.dll
0x000007feffd80000 - 0x000007feffe57000 	C:\windows\system32\OLEAUT32.dll
0x000007fefb720000 - 0x000007fefb738000 	C:\windows\system32\DWMAPI.DLL
0x000007fedbad0000 - 0x000007fedbbed000 	C:\windows\system32\opengl32.dll
0x000007fefb370000 - 0x000007fefb39d000 	C:\windows\system32\GLU32.dll
0x000007fedb9d0000 - 0x000007fedbac1000 	C:\windows\system32\DDRAW.dll
0x000007fefb360000 - 0x000007fefb368000 	C:\windows\system32\DCIMAN32.dll
0x000007feff9a0000 - 0x000007feffb77000 	C:\windows\system32\SETUPAPI.dll
0x000007fefda90000 - 0x000007fefdac6000 	C:\windows\system32\CFGMGR32.dll
0x000007fefdb10000 - 0x000007fefdb2a000 	C:\windows\system32\DEVOBJ.dll
0x000007fefbe80000 - 0x000007fefbed6000 	C:\windows\system32\uxtheme.dll
0x0000000180000000 - 0x0000000180026000 	C:\Program Files (x86)\LEVERIT\AGENT\tt64hk7.dll
0x000007feebfc0000 - 0x000007feec03f000 	C:\Program Files\Common Files\microsoft shared\ink\tiptsf.dll
0x000007fefd760000 - 0x000007fefd76f000 	C:\windows\system32\CRYPTBASE.dll
0x000007fef8660000 - 0x000007fef885f000 	C:\windows\system32\d3d9.dll
0x000007fef8620000 - 0x000007fef8627000 	C:\windows\system32\d3d8thk.dll
0x000007fecd590000 - 0x000007fece4ad000 	C:\windows\system32\nvd3dumx.dll
0x000007fefc2c0000 - 0x000007fefc2ec000 	C:\windows\system32\powrprof.dll
0x000007fed0150000 - 0x000007fed02b0000 	C:\Program Files (x86)\NVIDIA Corporation\3D Vision\nvSCPAPI64.dll
0x000007fefd100000 - 0x000007fefd118000 	C:\windows\system32\CRYPTSP.dll
0x000007fefce00000 - 0x000007fefce47000 	C:\windows\system32\rsaenh.dll
0x000007fefdb30000 - 0x000007fefdb4e000 	C:\windows\system32\USERENV.dll
0x0000000073bc0000 - 0x0000000073bda000 	C:\Program Files\Java\jdk1.8.0_144\jre\bin\net.dll
0x000007fefd0a0000 - 0x000007fefd0f5000 	C:\windows\system32\mswsock.dll
0x000007fefd090000 - 0x000007fefd097000 	C:\windows\System32\wship6.dll
0x000007fefb080000 - 0x000007fefb0a7000 	C:\windows\system32\IPHLPAPI.DLL
0x000007fefb4b0000 - 0x000007fefb4bb000 	C:\windows\system32\WINNSI.DLL
0x000007fefb060000 - 0x000007fefb078000 	C:\windows\system32\dhcpcsvc.DLL
0x000007fefb030000 - 0x000007fefb041000 	C:\windows\system32\dhcpcsvc6.DLL
0x0000000073240000 - 0x0000000073251000 	C:\Program Files\Java\jdk1.8.0_144\jre\bin\nio.dll
0x0000000066230000 - 0x0000000066277000 	C:\Program Files\Java\jdk1.8.0_144\jre\bin\fontmanager.dll
0x000007fefee90000 - 0x000007fefef29000 	C:\windows\system32\CLBCatQ.DLL
0x000007fefb1c0000 - 0x000007fefb321000 	C:\windows\system32\WindowsCodecs.dll
0x000007fefd700000 - 0x000007fefd757000 	C:\windows\system32\apphelp.dll
0x000007fee9fd0000 - 0x000007feea20d000 	C:\PROGRA~1\MICROS~4\Office15\GROOVEEX.DLL
0x0000000071f70000 - 0x0000000072008000 	C:\windows\system32\MSVCP100.dll
0x0000000072010000 - 0x000000007203b000 	C:\windows\system32\ATL100.DLL
0x000007fee9cb0000 - 0x000007fee9fce000 	C:\windows\system32\msi.dll
0x000007feea560000 - 0x000007feeade2000 	C:\PROGRA~1\MICROS~4\Office15\3082\GrooveIntlResource.dll
0x000007feea410000 - 0x000007feea445000 	C:\windows\system32\EhStorShell.dll
0x000007fefbf60000 - 0x000007fefc08c000 	C:\windows\system32\PROPSYS.dll
0x000007feea390000 - 0x000007feea40e000 	C:\windows\System32\cscui.dll
0x000007feea380000 - 0x000007feea38c000 	C:\windows\System32\CSCDLL.dll
0x000007feecd40000 - 0x000007feecd4f000 	C:\windows\system32\CSCAPI.dll
0x000007feea300000 - 0x000007feea380000 	C:\windows\system32\ntshrui.dll
0x000007fefd310000 - 0x000007fefd333000 	C:\windows\system32\srvcli.dll
0x000007fefb660000 - 0x000007fefb66b000 	C:\windows\system32\slc.dll
0x00000000661e0000 - 0x0000000066222000 	C:\Program Files\Java\jdk1.8.0_144\jre\bin\t2k.dll
0x0000000070780000 - 0x00000000707aa000 	C:\Program Files\Java\jdk1.8.0_144\jre\bin\dcpr.dll
0x000007fefca70000 - 0x000007fefca77000 	C:\windows\System32\wshtcpip.dll
0x000007fefcf20000 - 0x000007fefcf7b000 	C:\windows\system32\DNSAPI.dll
0x000007feecf10000 - 0x000007feecf31000 	C:\windows\FireEye\NamespaceToEvents_00.dll
0x000007feecd30000 - 0x000007feecd38000 	C:\windows\system32\rasadhlp.dll
0x000007fefb110000 - 0x000007fefb163000 	C:\windows\System32\fwpuclnt.dll
0x000007fefa510000 - 0x000007fefa564000 	C:\windows\system32\oleacc.dll
0x000007fef9a80000 - 0x000007fef9b20000 	C:\windows\WinSxS\amd64_microsoft.windows.common-controls_6595b64144ccf1df_5.82.7601.18837_none_a4d981ff711297b6\comctl32.dll
0x000007fefbf30000 - 0x000007fefbf5d000 	C:\windows\system32\ntmarta.dll
0x000007feff510000 - 0x000007feff562000 	C:\windows\system32\WLDAP32.dll
0x000007fee8600000 - 0x000007fee879c000 	C:\windows\system32\NetworkExplorer.dll
0x000007feea250000 - 0x000007feea284000 	C:\windows\System32\shdocvw.dll
0x000007fef8390000 - 0x000007fef83a8000 	C:\windows\system32\MPR.dll
0x000007feecfb0000 - 0x000007feecfba000 	C:\windows\System32\drprov.dll
0x000007fefd810000 - 0x000007fefd84d000 	C:\windows\System32\WINSTA.dll
0x000007feecf80000 - 0x000007feecfa2000 	C:\windows\System32\ntlanman.dll
0x000007feecf50000 - 0x000007feecf6d000 	C:\windows\System32\davclnt.dll
0x000007feecd90000 - 0x000007feecd9a000 	C:\windows\System32\DAVHLPR.dll
0x000007fefabb0000 - 0x000007fefabc5000 	C:\windows\system32\wkscli.dll
0x000007fefabd0000 - 0x000007fefabdc000 	C:\windows\system32\netutils.dll
0x000007fece990000 - 0x000007fecec01000 	C:\windows\system32\wpdshext.dll
0x000007fefbc60000 - 0x000007fefbe76000 	C:\windows\WinSxS\amd64_microsoft.windows.gdiplus_6595b64144ccf1df_1.1.7601.18852_none_2b28839e71e973ae\gdiplus.dll
0x000007fee7ee0000 - 0x000007fee7f9d000 	C:\windows\system32\PortableDeviceApi.dll
0x000007fefd930000 - 0x000007fefd96b000 	C:\windows\system32\WINTRUST.dll
0x000007fefdb50000 - 0x000007fefdcbd000 	C:\windows\system32\CRYPT32.dll
0x000007fefd910000 - 0x000007fefd91f000 	C:\windows\system32\MSASN1.dll
0x000007fefa3f0000 - 0x000007fefa429000 	C:\windows\system32\PortableDeviceTypes.dll
0x000007fefae10000 - 0x000007fefae37000 	C:\windows\system32\EhStorAPI.dll
0x000007fef4810000 - 0x000007fef481c000 	C:\windows\system32\LINKINFO.dll
0x000000001c960000 - 0x000000001c985000 	C:\Program Files\Java\jdk1.8.0_144\jre\bin\rxtxSerial.dll
0x00000000715a0000 - 0x00000000715d1000 	C:\Program Files\Java\jdk1.8.0_144\jre\bin\jpeg.dll
0x000007fef94e0000 - 0x000007fef9605000 	C:\windows\system32\dbghelp.dll

VM Arguments:
jvm_args: -Dfile.encoding=UTF-8 
java_command: coltime.ColTime
java_class_path (initial): C:\Program Files\NetBeans 8.2\java\modules\ext\AbsoluteLayout.jar;C:\Users\PC\Desktop\proyect\interfaces-graficar\Proyecto col_time\Proyecto\ColTime\Librerias\QR y pdf\barcode.jar;C:\Users\PC\Desktop\proyect\interfaces-graficar\Proyecto col_time\Proyecto\ColTime\Librerias\QR y pdf\iText-5.0.5.jar;C:\Users\PC\Desktop\proyect\interfaces-graficar\Proyecto col_time\Proyecto\ColTime\Librerias\Estilo\Atxy2k.jar;C:\Users\PC\Desktop\proyect\interfaces-graficar\Proyecto col_time\Proyecto\ColTime\Librerias\Estilo\NefAnimacion_V2.1_jdk18.jar;C:\Users\PC\Desktop\proyect\interfaces-graficar\Proyecto col_time\Proyecto\ColTime\Librerias\Estilo\RSFoto_v1.0.jar;C:\Users\PC\Desktop\proyect\interfaces-graficar\Proyecto col_time\Proyecto\ColTime\Librerias\Estilo\RSNotify v1.0.jar;C:\Users\PC\Desktop\proyect\interfaces-graficar\Proyecto col_time\Proyecto\ColTime\Librerias\Estilo\jcalendar-1.3.3.jar;C:\Users\PC\Desktop\proyect\interfaces-graficar\Proyecto col_time\Proyecto\ColTime\Librerias\Estilo\swinger.jar;C:\Users\PC\Desktop\proyect\interfaces-graficar\Proyecto col_time\Proyecto\ColTime\Librerias\Reportes graficos\commons-beanutils-1.8.0.jar;C:\Users\PC\Desktop\proyect\interfaces-graficar\Proyecto col_time\Proyecto\ColTime\Librerias\Reportes graficos\commons-collections-2.1.1.jar;C:\Users\PC\Desktop\proyect\interfaces-graficar\Proyecto col_time\Proyecto\ColTime\Librerias\Reportes graficos\commons-digester-1.7.jar;C:\Users\PC\Desktop\proyect\interfaces-graficar\Proyecto col_time\Proyecto\ColTime\Librerias\Reportes graficos\commons-javaflow-20060411.jar;C:\Users\PC\Desktop\proyect\interfaces-graficar\Proyecto col_time\Proyecto\ColTime\Librerias\Reportes graficos\commons-logging-1.0.4.jar;C:\Users\PC\Desktop\proyect\interfaces-graficar\Proyecto col_time\Proyecto\ColTime\Librerias\Reportes graficos\commons-logging-api.jar;C:\Users\PC\Desktop\proyect\interfaces-graficar\Proyecto col_time\Proyecto\ColTime\Librerias\Reportes graficos\jcommon-1.0.16.jar;C:\Users\
Launcher Type: SUN_STANDARD

Environment Variables:
PATH=C:\ProgramData\Oracle\Java\javapath;C:\Program Files\Common Files\VSL Utils\;C:\Program Files (x86)\Intel\iCLS Client\;C:\Program Files\Intel\iCLS Client\;C:\windows\system32;C:\windows;C:\windows\System32\Wbem;C:\windows\System32\WindowsPowerShell\v1.0\;C:\Program Files (x86)\Intel\Intel(R) Management Engine Components\DAL;C:\Program Files\Intel\Intel(R) Management Engine Components\DAL;C:\Program Files (x86)\Intel\Intel(R) Management Engine Components\IPT;C:\Program Files\Intel\Intel(R) Management Engine Components\IPT;C:\Program Files\Intel\MPSS\bin\;C:\Program Files\Intel\MPSS\service\;C:\Program Files (x86)\Common Files\Lenovo;C:\ProgramData\Lenovo\ReadyApps;C:\Program Files (x86)\Common Files\lenovo\easyplussdk\bin;C:\Program Files (x86)\Autodesk\Backburner\;C:\Program Files\Microsoft SQL Server\120\DTS\Binn\;C:\Program Files\Microsoft SQL Server\Client SDK\ODBC\110\Tools\Binn\;C:\Program Files (x86)\Microsoft SQL Server\120\Tools\Binn\;C:\Program Files\Microsoft SQL Server\120\Tools\Binn\;C:\Program Files (x86)\Microsoft SQL Server\120\Tools\Binn\ManagementStudio\;C:\Program Files (x86)\Microsoft SQL Server\120\DTS\Binn\;;C:\Program Files (x86)\Microsoft VS Code\bin
USERNAME=PC
OS=Windows_NT
PROCESSOR_IDENTIFIER=Intel64 Family 6 Model 63 Stepping 2, GenuineIntel



---------------  S Y S T E M  ---------------

OS: Windows 7 , 64 bit Build 7601 (6.1.7601.23072)

CPU:total 8 (initial active 8) (4 cores per cpu, 2 threads per core) family 6 model 63 stepping 2, cmov, cx8, fxsr, mmx, sse, sse2, sse3, ssse3, sse4.1, sse4.2, popcnt, avx, avx2, aes, clmul, erms, lzcnt, ht, tsc, tscinvbit, bmi1, bmi2

Memory: 4k page, physical 12478780k(6804752k free), swap 24955700k(15814640k free)

vm_info: Java HotSpot(TM) 64-Bit Server VM (25.144-b01) for windows-amd64 JRE (1.8.0_144-b01), built on Jul 21 2017 21:57:33 by "java_re" with MS VC++ 10.0 (VS2010)

time: Wed Jan 24 14:00:17 2018
elapsed time: 46 seconds (0d 0h 0m 46s)

